python -m da cycle_knot_detect.da -f --logfilename dump.logs
[35] da.api<MainProcess>:INFO: <Node_:6c401> initialized at 127.0.0.1:(UdpTransport=32358, TcpTransport=28894).
[35] da.api<MainProcess>:INFO: Starting program <module 'cycle_knot_detect' from '/home/tanmay2592/Documents/DistributedAlgo/Project/cycle_knot_detect.py'>...
[35] da.api<MainProcess>:INFO: Running iteration 1 ...
[36] da.api<MainProcess>:INFO: Waiting for remaining child processes to terminate...(Press "Ctrl-C" to force kill)
[215] cycle_knot_detect.P<P:5f409>:OUTPUT: Request     2
[227] cycle_knot_detect.P<P:5f403>:OUTPUT: Request     3
[230] cycle_knot_detect.P<P:5f404>:OUTPUT: Request     4
[233] cycle_knot_detect.P<P:5f405>:OUTPUT: Request     5
[236] cycle_knot_detect.P<P:5f40a>:OUTPUT: Request     6
[240] cycle_knot_detect.P<P:5f406>:OUTPUT: Request     7
[241] cycle_knot_detect.P<P:5f402>:OUTPUT: Request     8
[248] cycle_knot_detect.P<P:5f40b>:OUTPUT: Request     9
[254] cycle_knot_detect.P<P:5f407>:OUTPUT: Request     1
[257] cycle_knot_detect.P<P:5f40b>:OUTPUT: Reply     cycle     9     set()
[259] cycle_knot_detect.P<P:5f408>:OUTPUT: Request     10
[259] cycle_knot_detect.P<P:5f402>:OUTPUT: Reply     cycle     8     set()
[260] da.api<MainProcess>:INFO: Main process terminated.
[263] cycle_knot_detect.P<P:5f40b>:OUTPUT: Request     9
[264] cycle_knot_detect.P<P:5f40a>:OUTPUT: Reply     cycle     6     set()
[265] cycle_knot_detect.P<P:5f408>:OUTPUT: Reply     cycle     10     set()
[265] cycle_knot_detect.P<P:5f405>:OUTPUT: Reply     cycle     5     set()
[268] cycle_knot_detect.P<P:5f406>:OUTPUT: Reply     cycle     7     set()
[271] cycle_knot_detect.P<P:5f405>:OUTPUT: Reply     cycle     5     set()
[271] cycle_knot_detect.P<P:5f405>:OUTPUT: cycle cycle
[272] cycle_knot_detect.P<P:5f404>:OUTPUT: Reply     cycle     4     set()
[273] cycle_knot_detect.P<P:5f403>:OUTPUT: Reply     cycle     3     set()
[274] cycle_knot_detect.P<P:5f409>:OUTPUT: Reply     cycle     2     set()
[276] cycle_knot_detect.P<P:5f407>:OUTPUT: Reply     cycle     1     set()
[276] cycle_knot_detect.P<P:5f407>:OUTPUT: The Initiator node is inside a: cycle

